<?xml version="1.0" encoding="UTF-8"?>
<testsuite name="Variant4Test" tests="15" skipped="0" failures="0" errors="0" timestamp="2023-12-21T11:12:28" hostname="DESKTOP-0NLMM1M" time="0.139">
  <properties/>
  <testcase name="testArrayTask" classname="Variant4Test" time="0.011"/>
  <testcase name="testArrayTaskException" classname="Variant4Test" time="0.002"/>
  <testcase name="testBooleanTask" classname="Variant4Test" time="0.003"/>
  <testcase name="testCaseTask" classname="Variant4Test" time="0.001"/>
  <testcase name="testCaseTaskException" classname="Variant4Test" time="0.0"/>
  <testcase name="testForTask" classname="Variant4Test" time="0.007"/>
  <testcase name="testIfTask" classname="Variant4Test" time="0.007"/>
  <testcase name="testIntegerTask" classname="Variant4Test" time="0.001"/>
  <testcase name="testIntegerTaskException" classname="Variant4Test" time="0.001"/>
  <testcase name="testMatrixTask" classname="Variant4Test" time="0.01"/>
  <testcase name="testMatrixTaskException" classname="Variant4Test" time="0.0"/>
  <testcase name="testMinMaxTask" classname="Variant4Test" time="0.002"/>
  <testcase name="testMinMaxTaskException" classname="Variant4Test" time="0.001"/>
  <testcase name="testWhileTask" classname="Variant4Test" time="0.001"/>
  <testcase name="testWhileTaskException" classname="Variant4Test" time="0.002"/>
  <system-out><![CDATA[]]></system-out>
  <system-err><![CDATA[]]></system-err>
</testsuite>
